2026-01-08 17:46:14,067 INFO  [main] com.example.demo.DemoApplication -Starting DemoApplication using Java 21.0.9 with PID 11772 (C:\Users\Home\OneDrive\Documents\Springboot Projects\demo\target\classes started by Home in C:\Users\Home\OneDrive\Documents\Springboot Projects\demo)
2026-01-08 17:46:14,074 INFO  [main] com.example.demo.DemoApplication -The following 1 profile is active: "prod"
2026-01-08 17:46:15,595 INFO  [main] org.springframework.data.repository.config.RepositoryConfigurationDelegate -Bootstrapping Spring Data JPA repositories in DEFAULT mode.
2026-01-08 17:46:15,730 INFO  [main] org.springframework.data.repository.config.RepositoryConfigurationDelegate -Finished Spring Data repository scanning in 102 ms. Found 1 JPA repository interface.
2026-01-08 17:46:16,801 INFO  [main] org.springframework.boot.tomcat.TomcatWebServer -Tomcat initialized with port 8082 (http)
2026-01-08 17:46:16,817 INFO  [main] org.apache.catalina.core.StandardService -Starting service [Tomcat]
2026-01-08 17:46:16,817 INFO  [main] org.apache.catalina.core.StandardEngine -Starting Servlet engine: [Apache Tomcat/11.0.15]
2026-01-08 17:46:16,887 INFO  [main] org.springframework.boot.web.context.servlet.WebApplicationContextInitializer -Root WebApplicationContext: initialization completed in 2719 ms
2026-01-08 17:46:17,447 INFO  [main] org.hibernate.orm.jpa -HHH008540: Processing PersistenceUnitInfo [name: default]
2026-01-08 17:46:17,588 INFO  [main] org.hibernate.orm.core -HHH000001: Hibernate ORM core version 7.2.0.Final
2026-01-08 17:46:18,815 INFO  [main] org.springframework.orm.jpa.persistenceunit.SpringPersistenceUnitInfo -No LoadTimeWeaver setup: ignoring JPA class transformer
2026-01-08 17:46:18,879 INFO  [main] com.zaxxer.hikari.HikariDataSource -HikariPool-1 - Starting...
2026-01-08 17:46:19,527 INFO  [main] com.zaxxer.hikari.pool.HikariPool -HikariPool-1 - Added connection com.mysql.cj.jdbc.ConnectionImpl@36349e29
2026-01-08 17:46:19,530 INFO  [main] com.zaxxer.hikari.HikariDataSource -HikariPool-1 - Start completed.
2026-01-08 17:46:19,682 INFO  [main] org.hibernate.orm.connections.pooling -HHH10001005: Database info:
	Database JDBC URL [jdbc:mysql://localhost:3306/springboot]
	Database driver: MySQL Connector/J
	Database dialect: MySQLDialect
	Database version: 8.0.44
	Default catalog/schema: springboot/undefined
	Autocommit mode: undefined/unknown
	Isolation level: REPEATABLE_READ [default REPEATABLE_READ]
	JDBC fetch size: none
	Pool: DataSourceConnectionProvider
	Minimum pool size: undefined/unknown
	Maximum pool size: undefined/unknown
2026-01-08 17:46:20,709 INFO  [main] org.hibernate.orm.core -HHH000489: No JTA platform available (set 'hibernate.transaction.jta.platform' to enable JTA platform integration)
2026-01-08 17:46:20,775 INFO  [main] org.springframework.orm.jpa.LocalContainerEntityManagerFactoryBean -Initialized JPA EntityManagerFactory for persistence unit 'default'
2026-01-08 17:46:20,990 INFO  [main] org.springframework.data.jpa.repository.query.QueryEnhancerFactories -Hibernate is in classpath; If applicable, HQL parser will be used.
2026-01-08 17:46:21,320 WARN  [main] org.springframework.boot.jpa.autoconfigure.JpaBaseConfiguration$JpaWebConfiguration -spring.jpa.open-in-view is enabled by default. Therefore, database queries may be performed during view rendering. Explicitly configure spring.jpa.open-in-view to disable this warning
2026-01-08 17:46:22,514 INFO  [main] org.springframework.boot.actuate.endpoint.web.EndpointLinksResolver -Exposing 1 endpoint beneath base path '/actuator'
2026-01-08 17:46:22,687 INFO  [main] org.springframework.boot.tomcat.TomcatWebServer -Tomcat started on port 8082 (http) with context path '/'
2026-01-08 17:46:22,698 INFO  [main] com.example.demo.DemoApplication -Started DemoApplication in 9.387 seconds (process running for 10.342)
2026-01-08 17:46:25,556 INFO  [RMI TCP Connection(2)-127.0.0.1] org.apache.catalina.core.ContainerBase.[Tomcat].[localhost].[/] -Initializing Spring DispatcherServlet 'dispatcherServlet'
2026-01-08 17:46:25,557 INFO  [RMI TCP Connection(2)-127.0.0.1] org.springframework.web.servlet.DispatcherServlet -Initializing Servlet 'dispatcherServlet'
2026-01-08 17:46:25,560 INFO  [RMI TCP Connection(2)-127.0.0.1] org.springframework.web.servlet.DispatcherServlet -Completed initialization in 3 ms
2026-01-08 17:47:23,416 WARN  [http-nio-8082-exec-3] org.hibernate.orm.jdbc.error -HHH000247: ErrorCode: 1062, SQLState: 23000
2026-01-08 17:47:23,417 WARN  [http-nio-8082-exec-3] org.hibernate.orm.jdbc.error -Duplicate entry 'CAS2534957' for key 'ticket.TicketId'
2026-01-08 17:47:49,627 INFO  [main] com.example.demo.DemoApplication -Starting DemoApplication using Java 21.0.9 with PID 7128 (C:\Users\Home\OneDrive\Documents\Springboot Projects\demo\target\classes started by Home in C:\Users\Home\OneDrive\Documents\Springboot Projects\demo)
2026-01-08 17:47:49,633 INFO  [main] com.example.demo.DemoApplication -The following 1 profile is active: "prod"
2026-01-08 17:47:51,106 INFO  [main] org.springframework.data.repository.config.RepositoryConfigurationDelegate -Bootstrapping Spring Data JPA repositories in DEFAULT mode.
2026-01-08 17:47:51,198 INFO  [main] org.springframework.data.repository.config.RepositoryConfigurationDelegate -Finished Spring Data repository scanning in 76 ms. Found 1 JPA repository interface.
2026-01-08 17:47:52,170 INFO  [main] org.springframework.boot.tomcat.TomcatWebServer -Tomcat initialized with port 8082 (http)
2026-01-08 17:47:52,213 INFO  [main] org.apache.catalina.core.StandardService -Starting service [Tomcat]
2026-01-08 17:47:52,214 INFO  [main] org.apache.catalina.core.StandardEngine -Starting Servlet engine: [Apache Tomcat/11.0.15]
2026-01-08 17:47:52,312 INFO  [main] org.springframework.boot.web.context.servlet.WebApplicationContextInitializer -Root WebApplicationContext: initialization completed in 2586 ms
2026-01-08 17:47:52,906 INFO  [main] org.hibernate.orm.jpa -HHH008540: Processing PersistenceUnitInfo [name: default]
2026-01-08 17:47:53,008 INFO  [main] org.hibernate.orm.core -HHH000001: Hibernate ORM core version 7.2.0.Final
2026-01-08 17:47:54,013 INFO  [main] org.springframework.orm.jpa.persistenceunit.SpringPersistenceUnitInfo -No LoadTimeWeaver setup: ignoring JPA class transformer
2026-01-08 17:47:54,071 INFO  [main] com.zaxxer.hikari.HikariDataSource -HikariPool-1 - Starting...
2026-01-08 17:47:54,594 INFO  [main] com.zaxxer.hikari.pool.HikariPool -HikariPool-1 - Added connection com.mysql.cj.jdbc.ConnectionImpl@3e89f5bc
2026-01-08 17:47:54,598 INFO  [main] com.zaxxer.hikari.HikariDataSource -HikariPool-1 - Start completed.
2026-01-08 17:47:54,728 INFO  [main] org.hibernate.orm.connections.pooling -HHH10001005: Database info:
	Database JDBC URL [jdbc:mysql://localhost:3306/springboot]
	Database driver: MySQL Connector/J
	Database dialect: MySQLDialect
	Database version: 8.0.44
	Default catalog/schema: springboot/undefined
	Autocommit mode: undefined/unknown
	Isolation level: REPEATABLE_READ [default REPEATABLE_READ]
	JDBC fetch size: none
	Pool: DataSourceConnectionProvider
	Minimum pool size: undefined/unknown
	Maximum pool size: undefined/unknown
2026-01-08 17:47:55,740 INFO  [main] org.hibernate.orm.core -HHH000489: No JTA platform available (set 'hibernate.transaction.jta.platform' to enable JTA platform integration)
2026-01-08 17:47:55,814 INFO  [main] org.springframework.orm.jpa.LocalContainerEntityManagerFactoryBean -Initialized JPA EntityManagerFactory for persistence unit 'default'
2026-01-08 17:47:55,953 INFO  [main] org.springframework.data.jpa.repository.query.QueryEnhancerFactories -Hibernate is in classpath; If applicable, HQL parser will be used.
2026-01-08 17:47:56,224 WARN  [main] org.springframework.boot.jpa.autoconfigure.JpaBaseConfiguration$JpaWebConfiguration -spring.jpa.open-in-view is enabled by default. Therefore, database queries may be performed during view rendering. Explicitly configure spring.jpa.open-in-view to disable this warning
2026-01-08 17:47:57,162 INFO  [main] org.springframework.boot.actuate.endpoint.web.EndpointLinksResolver -Exposing 1 endpoint beneath base path '/actuator'
2026-01-08 17:47:57,279 INFO  [main] org.springframework.boot.tomcat.TomcatWebServer -Tomcat started on port 8082 (http) with context path '/'
2026-01-08 17:47:57,290 INFO  [main] com.example.demo.DemoApplication -Started DemoApplication in 8.395 seconds (process running for 9.306)
2026-01-08 17:47:58,090 INFO  [RMI TCP Connection(2)-127.0.0.1] org.apache.catalina.core.ContainerBase.[Tomcat].[localhost].[/] -Initializing Spring DispatcherServlet 'dispatcherServlet'
2026-01-08 17:47:58,091 INFO  [RMI TCP Connection(2)-127.0.0.1] org.springframework.web.servlet.DispatcherServlet -Initializing Servlet 'dispatcherServlet'
2026-01-08 17:47:58,095 INFO  [RMI TCP Connection(2)-127.0.0.1] org.springframework.web.servlet.DispatcherServlet -Completed initialization in 4 ms
